Aug 24 2017 17:45:47
{"type":8192,"message":"Methods with the same name as their class will not be constructors in a future version of PHP; MarkdownExtra_Parser has a deprecated constructor","file":"\/Applications\/MAMP\/htdocs\/wordpress\/wp-content\/plugins\/markdown-for-wordpress-and-bbpress\/markdown.php","line":1569}

Aug 24 2017 17:45:48
{"type":8192,"message":"Methods with the same name as their class will not be constructors in a future version of PHP; MarkdownExtra_Parser has a deprecated constructor","file":"\/Applications\/MAMP\/htdocs\/wordpress\/wp-content\/plugins\/markdown-for-wordpress-and-bbpress\/markdown.php","line":1569}

Aug 24 2017 17:45:48
{"type":8192,"message":"Methods with the same name as their class will not be constructors in a future version of PHP; MarkdownExtra_Parser has a deprecated constructor","file":"\/Applications\/MAMP\/htdocs\/wordpress\/wp-content\/plugins\/markdown-for-wordpress-and-bbpress\/markdown.php","line":1569}

Aug 24 2017 17:45:49
{"type":8192,"message":"Methods with the same name as their class will not be constructors in a future version of PHP; MarkdownExtra_Parser has a deprecated constructor","file":"\/Applications\/MAMP\/htdocs\/wordpress\/wp-content\/plugins\/markdown-for-wordpress-and-bbpress\/markdown.php","line":1569}

Aug 24 2017 17:45:49
{"type":8192,"message":"Methods with the same name as their class will not be constructors in a future version of PHP; MarkdownExtra_Parser has a deprecated constructor","file":"\/Applications\/MAMP\/htdocs\/wordpress\/wp-content\/plugins\/markdown-for-wordpress-and-bbpress\/markdown.php","line":1569}

Aug 24 2017 17:45:50
{"type":8192,"message":"Methods with the same name as their class will not be constructors in a future version of PHP; MarkdownExtra_Parser has a deprecated constructor","file":"\/Applications\/MAMP\/htdocs\/wordpress\/wp-content\/plugins\/markdown-for-wordpress-and-bbpress\/markdown.php","line":1569}

Aug 24 2017 17:45:50
{"type":8192,"message":"Methods with the same name as their class will not be constructors in a future version of PHP; MarkdownExtra_Parser has a deprecated constructor","file":"\/Applications\/MAMP\/htdocs\/wordpress\/wp-content\/plugins\/markdown-for-wordpress-and-bbpress\/markdown.php","line":1569}

Aug 24 2017 17:45:51
{"type":8192,"message":"Methods with the same name as their class will not be constructors in a future version of PHP; MarkdownExtra_Parser has a deprecated constructor","file":"\/Applications\/MAMP\/htdocs\/wordpress\/wp-content\/plugins\/markdown-for-wordpress-and-bbpress\/markdown.php","line":1569}

Aug 24 2017 17:45:51
{"type":8192,"message":"Methods with the same name as their class will not be constructors in a future version of PHP; MarkdownExtra_Parser has a deprecated constructor","file":"\/Applications\/MAMP\/htdocs\/wordpress\/wp-content\/plugins\/markdown-for-wordpress-and-bbpress\/markdown.php","line":1569}

Aug 24 2017 17:45:52
{"type":8192,"message":"Methods with the same name as their class will not be constructors in a future version of PHP; MarkdownExtra_Parser has a deprecated constructor","file":"\/Applications\/MAMP\/htdocs\/wordpress\/wp-content\/plugins\/markdown-for-wordpress-and-bbpress\/markdown.php","line":1569}

Aug 24 2017 17:45:52
{"type":8192,"message":"Methods with the same name as their class will not be constructors in a future version of PHP; MarkdownExtra_Parser has a deprecated constructor","file":"\/Applications\/MAMP\/htdocs\/wordpress\/wp-content\/plugins\/markdown-for-wordpress-and-bbpress\/markdown.php","line":1569}

Aug 24 2017 17:45:53
{"type":8192,"message":"Methods with the same name as their class will not be constructors in a future version of PHP; MarkdownExtra_Parser has a deprecated constructor","file":"\/Applications\/MAMP\/htdocs\/wordpress\/wp-content\/plugins\/markdown-for-wordpress-and-bbpress\/markdown.php","line":1569}

Aug 24 2017 17:45:53
{"type":8192,"message":"Methods with the same name as their class will not be constructors in a future version of PHP; MarkdownExtra_Parser has a deprecated constructor","file":"\/Applications\/MAMP\/htdocs\/wordpress\/wp-content\/plugins\/markdown-for-wordpress-and-bbpress\/markdown.php","line":1569}

Aug 24 2017 17:45:53
{"type":8192,"message":"Methods with the same name as their class will not be constructors in a future version of PHP; MarkdownExtra_Parser has a deprecated constructor","file":"\/Applications\/MAMP\/htdocs\/wordpress\/wp-content\/plugins\/markdown-for-wordpress-and-bbpress\/markdown.php","line":1569}

Aug 24 2017 17:45:54
{"type":8192,"message":"Methods with the same name as their class will not be constructors in a future version of PHP; MarkdownExtra_Parser has a deprecated constructor","file":"\/Applications\/MAMP\/htdocs\/wordpress\/wp-content\/plugins\/markdown-for-wordpress-and-bbpress\/markdown.php","line":1569}

Aug 24 2017 17:45:54
{"type":8192,"message":"Methods with the same name as their class will not be constructors in a future version of PHP; MarkdownExtra_Parser has a deprecated constructor","file":"\/Applications\/MAMP\/htdocs\/wordpress\/wp-content\/plugins\/markdown-for-wordpress-and-bbpress\/markdown.php","line":1569}

Aug 24 2017 17:45:55
{"type":8192,"message":"Methods with the same name as their class will not be constructors in a future version of PHP; MarkdownExtra_Parser has a deprecated constructor","file":"\/Applications\/MAMP\/htdocs\/wordpress\/wp-content\/plugins\/markdown-for-wordpress-and-bbpress\/markdown.php","line":1569}

Aug 24 2017 17:45:55
{"type":8192,"message":"Methods with the same name as their class will not be constructors in a future version of PHP; MarkdownExtra_Parser has a deprecated constructor","file":"\/Applications\/MAMP\/htdocs\/wordpress\/wp-content\/plugins\/markdown-for-wordpress-and-bbpress\/markdown.php","line":1569}

Aug 24 2017 17:45:56
{"type":8192,"message":"Methods with the same name as their class will not be constructors in a future version of PHP; MarkdownExtra_Parser has a deprecated constructor","file":"\/Applications\/MAMP\/htdocs\/wordpress\/wp-content\/plugins\/markdown-for-wordpress-and-bbpress\/markdown.php","line":1569}

Aug 24 2017 17:45:56
{"type":8192,"message":"Methods with the same name as their class will not be constructors in a future version of PHP; MarkdownExtra_Parser has a deprecated constructor","file":"\/Applications\/MAMP\/htdocs\/wordpress\/wp-content\/plugins\/markdown-for-wordpress-and-bbpress\/markdown.php","line":1569}

Aug 24 2017 17:45:57
{"type":8192,"message":"Methods with the same name as their class will not be constructors in a future version of PHP; MarkdownExtra_Parser has a deprecated constructor","file":"\/Applications\/MAMP\/htdocs\/wordpress\/wp-content\/plugins\/markdown-for-wordpress-and-bbpress\/markdown.php","line":1569}

Aug 24 2017 17:45:57
{"type":8192,"message":"Methods with the same name as their class will not be constructors in a future version of PHP; MarkdownExtra_Parser has a deprecated constructor","file":"\/Applications\/MAMP\/htdocs\/wordpress\/wp-content\/plugins\/markdown-for-wordpress-and-bbpress\/markdown.php","line":1569}

Aug 24 2017 17:45:58
{"type":8192,"message":"Methods with the same name as their class will not be constructors in a future version of PHP; MarkdownExtra_Parser has a deprecated constructor","file":"\/Applications\/MAMP\/htdocs\/wordpress\/wp-content\/plugins\/markdown-for-wordpress-and-bbpress\/markdown.php","line":1569}

Aug 24 2017 17:45:58
{"type":8192,"message":"Methods with the same name as their class will not be constructors in a future version of PHP; MarkdownExtra_Parser has a deprecated constructor","file":"\/Applications\/MAMP\/htdocs\/wordpress\/wp-content\/plugins\/markdown-for-wordpress-and-bbpress\/markdown.php","line":1569}

Aug 24 2017 17:45:59
{"type":8192,"message":"Methods with the same name as their class will not be constructors in a future version of PHP; MarkdownExtra_Parser has a deprecated constructor","file":"\/Applications\/MAMP\/htdocs\/wordpress\/wp-content\/plugins\/markdown-for-wordpress-and-bbpress\/markdown.php","line":1569}

Aug 24 2017 17:45:59
{"type":8192,"message":"Methods with the same name as their class will not be constructors in a future version of PHP; MarkdownExtra_Parser has a deprecated constructor","file":"\/Applications\/MAMP\/htdocs\/wordpress\/wp-content\/plugins\/markdown-for-wordpress-and-bbpress\/markdown.php","line":1569}

Aug 24 2017 17:46:00
{"type":8192,"message":"Methods with the same name as their class will not be constructors in a future version of PHP; MarkdownExtra_Parser has a deprecated constructor","file":"\/Applications\/MAMP\/htdocs\/wordpress\/wp-content\/plugins\/markdown-for-wordpress-and-bbpress\/markdown.php","line":1569}

Aug 24 2017 17:46:01
{"type":8192,"message":"Methods with the same name as their class will not be constructors in a future version of PHP; MarkdownExtra_Parser has a deprecated constructor","file":"\/Applications\/MAMP\/htdocs\/wordpress\/wp-content\/plugins\/markdown-for-wordpress-and-bbpress\/markdown.php","line":1569}

Aug 24 2017 17:46:02
{"type":8192,"message":"Methods with the same name as their class will not be constructors in a future version of PHP; MarkdownExtra_Parser has a deprecated constructor","file":"\/Applications\/MAMP\/htdocs\/wordpress\/wp-content\/plugins\/markdown-for-wordpress-and-bbpress\/markdown.php","line":1569}

Aug 24 2017 17:46:02
{"type":8192,"message":"Methods with the same name as their class will not be constructors in a future version of PHP; MarkdownExtra_Parser has a deprecated constructor","file":"\/Applications\/MAMP\/htdocs\/wordpress\/wp-content\/plugins\/markdown-for-wordpress-and-bbpress\/markdown.php","line":1569}

Aug 24 2017 17:46:03
{"type":8192,"message":"Methods with the same name as their class will not be constructors in a future version of PHP; MarkdownExtra_Parser has a deprecated constructor","file":"\/Applications\/MAMP\/htdocs\/wordpress\/wp-content\/plugins\/markdown-for-wordpress-and-bbpress\/markdown.php","line":1569}

Aug 24 2017 17:46:03
{"type":8192,"message":"Methods with the same name as their class will not be constructors in a future version of PHP; MarkdownExtra_Parser has a deprecated constructor","file":"\/Applications\/MAMP\/htdocs\/wordpress\/wp-content\/plugins\/markdown-for-wordpress-and-bbpress\/markdown.php","line":1569}

Aug 24 2017 17:46:03
{"type":8192,"message":"Methods with the same name as their class will not be constructors in a future version of PHP; MarkdownExtra_Parser has a deprecated constructor","file":"\/Applications\/MAMP\/htdocs\/wordpress\/wp-content\/plugins\/markdown-for-wordpress-and-bbpress\/markdown.php","line":1569}

Aug 24 2017 17:46:04
{"type":8192,"message":"Methods with the same name as their class will not be constructors in a future version of PHP; MarkdownExtra_Parser has a deprecated constructor","file":"\/Applications\/MAMP\/htdocs\/wordpress\/wp-content\/plugins\/markdown-for-wordpress-and-bbpress\/markdown.php","line":1569}

Aug 24 2017 17:46:04
{"type":8192,"message":"Methods with the same name as their class will not be constructors in a future version of PHP; MarkdownExtra_Parser has a deprecated constructor","file":"\/Applications\/MAMP\/htdocs\/wordpress\/wp-content\/plugins\/markdown-for-wordpress-and-bbpress\/markdown.php","line":1569}

Aug 24 2017 17:46:05
{"type":8192,"message":"Methods with the same name as their class will not be constructors in a future version of PHP; MarkdownExtra_Parser has a deprecated constructor","file":"\/Applications\/MAMP\/htdocs\/wordpress\/wp-content\/plugins\/markdown-for-wordpress-and-bbpress\/markdown.php","line":1569}

Aug 24 2017 17:46:06
{"type":8192,"message":"Methods with the same name as their class will not be constructors in a future version of PHP; MarkdownExtra_Parser has a deprecated constructor","file":"\/Applications\/MAMP\/htdocs\/wordpress\/wp-content\/plugins\/markdown-for-wordpress-and-bbpress\/markdown.php","line":1569}

Aug 24 2017 17:49:05
{"type":8192,"message":"Methods with the same name as their class will not be constructors in a future version of PHP; MarkdownExtra_Parser has a deprecated constructor","file":"\/Applications\/MAMP\/htdocs\/wordpress\/wp-content\/plugins\/markdown-for-wordpress-and-bbpress\/markdown.php","line":1569}

Aug 24 2017 17:49:06
{"type":8192,"message":"Methods with the same name as their class will not be constructors in a future version of PHP; MarkdownExtra_Parser has a deprecated constructor","file":"\/Applications\/MAMP\/htdocs\/wordpress\/wp-content\/plugins\/markdown-for-wordpress-and-bbpress\/markdown.php","line":1569}

Aug 24 2017 17:49:08
{"type":8192,"message":"Methods with the same name as their class will not be constructors in a future version of PHP; MarkdownExtra_Parser has a deprecated constructor","file":"\/Applications\/MAMP\/htdocs\/wordpress\/wp-content\/plugins\/markdown-for-wordpress-and-bbpress\/markdown.php","line":1569}

Aug 24 2017 17:49:09
{"type":8192,"message":"Methods with the same name as their class will not be constructors in a future version of PHP; MarkdownExtra_Parser has a deprecated constructor","file":"\/Applications\/MAMP\/htdocs\/wordpress\/wp-content\/plugins\/markdown-for-wordpress-and-bbpress\/markdown.php","line":1569}

Aug 24 2017 17:49:16
{"type":8192,"message":"Methods with the same name as their class will not be constructors in a future version of PHP; MarkdownExtra_Parser has a deprecated constructor","file":"\/Applications\/MAMP\/htdocs\/wordpress\/wp-content\/plugins\/markdown-for-wordpress-and-bbpress\/markdown.php","line":1569}

Aug 24 2017 17:49:17
{"type":8192,"message":"Methods with the same name as their class will not be constructors in a future version of PHP; MarkdownExtra_Parser has a deprecated constructor","file":"\/Applications\/MAMP\/htdocs\/wordpress\/wp-content\/plugins\/markdown-for-wordpress-and-bbpress\/markdown.php","line":1569}

Oct 17 2017 01:42:21
{"type":8192,"message":"Methods with the same name as their class will not be constructors in a future version of PHP; MarkdownExtra_Parser has a deprecated constructor","file":"\/Applications\/MAMP\/htdocs\/wordpress\/wp-content\/plugins\/markdown-for-wordpress-and-bbpress\/markdown.php","line":1569}

Oct 17 2017 01:42:22
{"type":8192,"message":"Methods with the same name as their class will not be constructors in a future version of PHP; MarkdownExtra_Parser has a deprecated constructor","file":"\/Applications\/MAMP\/htdocs\/wordpress\/wp-content\/plugins\/markdown-for-wordpress-and-bbpress\/markdown.php","line":1569}

Oct 17 2017 01:42:22
{"type":8192,"message":"Methods with the same name as their class will not be constructors in a future version of PHP; MarkdownExtra_Parser has a deprecated constructor","file":"\/Applications\/MAMP\/htdocs\/wordpress\/wp-content\/plugins\/markdown-for-wordpress-and-bbpress\/markdown.php","line":1569}

Oct 17 2017 01:42:22
{"type":8192,"message":"Methods with the same name as their class will not be constructors in a future version of PHP; MarkdownExtra_Parser has a deprecated constructor","file":"\/Applications\/MAMP\/htdocs\/wordpress\/wp-content\/plugins\/markdown-for-wordpress-and-bbpress\/markdown.php","line":1569}

Oct 17 2017 01:42:23
{"type":8192,"message":"Methods with the same name as their class will not be constructors in a future version of PHP; MarkdownExtra_Parser has a deprecated constructor","file":"\/Applications\/MAMP\/htdocs\/wordpress\/wp-content\/plugins\/markdown-for-wordpress-and-bbpress\/markdown.php","line":1569}

Oct 17 2017 01:42:23
{"type":8192,"message":"Methods with the same name as their class will not be constructors in a future version of PHP; MarkdownExtra_Parser has a deprecated constructor","file":"\/Applications\/MAMP\/htdocs\/wordpress\/wp-content\/plugins\/markdown-for-wordpress-and-bbpress\/markdown.php","line":1569}

Oct 17 2017 01:42:24
{"type":8192,"message":"Methods with the same name as their class will not be constructors in a future version of PHP; MarkdownExtra_Parser has a deprecated constructor","file":"\/Applications\/MAMP\/htdocs\/wordpress\/wp-content\/plugins\/markdown-for-wordpress-and-bbpress\/markdown.php","line":1569}

Oct 17 2017 01:42:24
{"type":8192,"message":"Methods with the same name as their class will not be constructors in a future version of PHP; MarkdownExtra_Parser has a deprecated constructor","file":"\/Applications\/MAMP\/htdocs\/wordpress\/wp-content\/plugins\/markdown-for-wordpress-and-bbpress\/markdown.php","line":1569}

Oct 17 2017 01:42:25
{"type":8192,"message":"Methods with the same name as their class will not be constructors in a future version of PHP; MarkdownExtra_Parser has a deprecated constructor","file":"\/Applications\/MAMP\/htdocs\/wordpress\/wp-content\/plugins\/markdown-for-wordpress-and-bbpress\/markdown.php","line":1569}

Oct 17 2017 01:42:25
{"type":8192,"message":"Methods with the same name as their class will not be constructors in a future version of PHP; MarkdownExtra_Parser has a deprecated constructor","file":"\/Applications\/MAMP\/htdocs\/wordpress\/wp-content\/plugins\/markdown-for-wordpress-and-bbpress\/markdown.php","line":1569}

Oct 17 2017 01:42:26
{"type":8192,"message":"Methods with the same name as their class will not be constructors in a future version of PHP; MarkdownExtra_Parser has a deprecated constructor","file":"\/Applications\/MAMP\/htdocs\/wordpress\/wp-content\/plugins\/markdown-for-wordpress-and-bbpress\/markdown.php","line":1569}

Oct 17 2017 01:42:26
{"type":8192,"message":"Methods with the same name as their class will not be constructors in a future version of PHP; MarkdownExtra_Parser has a deprecated constructor","file":"\/Applications\/MAMP\/htdocs\/wordpress\/wp-content\/plugins\/markdown-for-wordpress-and-bbpress\/markdown.php","line":1569}

Oct 17 2017 01:42:27
{"type":8192,"message":"Methods with the same name as their class will not be constructors in a future version of PHP; MarkdownExtra_Parser has a deprecated constructor","file":"\/Applications\/MAMP\/htdocs\/wordpress\/wp-content\/plugins\/markdown-for-wordpress-and-bbpress\/markdown.php","line":1569}

Oct 17 2017 01:42:27
{"type":8192,"message":"Methods with the same name as their class will not be constructors in a future version of PHP; MarkdownExtra_Parser has a deprecated constructor","file":"\/Applications\/MAMP\/htdocs\/wordpress\/wp-content\/plugins\/markdown-for-wordpress-and-bbpress\/markdown.php","line":1569}

Oct 17 2017 01:42:28
{"type":8192,"message":"Methods with the same name as their class will not be constructors in a future version of PHP; MarkdownExtra_Parser has a deprecated constructor","file":"\/Applications\/MAMP\/htdocs\/wordpress\/wp-content\/plugins\/markdown-for-wordpress-and-bbpress\/markdown.php","line":1569}

Oct 17 2017 01:42:28
{"type":8192,"message":"Methods with the same name as their class will not be constructors in a future version of PHP; MarkdownExtra_Parser has a deprecated constructor","file":"\/Applications\/MAMP\/htdocs\/wordpress\/wp-content\/plugins\/markdown-for-wordpress-and-bbpress\/markdown.php","line":1569}

Oct 17 2017 01:42:28
{"type":8192,"message":"Methods with the same name as their class will not be constructors in a future version of PHP; MarkdownExtra_Parser has a deprecated constructor","file":"\/Applications\/MAMP\/htdocs\/wordpress\/wp-content\/plugins\/markdown-for-wordpress-and-bbpress\/markdown.php","line":1569}

Oct 17 2017 01:42:29
{"type":8192,"message":"Methods with the same name as their class will not be constructors in a future version of PHP; MarkdownExtra_Parser has a deprecated constructor","file":"\/Applications\/MAMP\/htdocs\/wordpress\/wp-content\/plugins\/markdown-for-wordpress-and-bbpress\/markdown.php","line":1569}

Oct 17 2017 01:42:29
{"type":8192,"message":"Methods with the same name as their class will not be constructors in a future version of PHP; MarkdownExtra_Parser has a deprecated constructor","file":"\/Applications\/MAMP\/htdocs\/wordpress\/wp-content\/plugins\/markdown-for-wordpress-and-bbpress\/markdown.php","line":1569}

Oct 17 2017 01:42:30
{"type":8192,"message":"Methods with the same name as their class will not be constructors in a future version of PHP; MarkdownExtra_Parser has a deprecated constructor","file":"\/Applications\/MAMP\/htdocs\/wordpress\/wp-content\/plugins\/markdown-for-wordpress-and-bbpress\/markdown.php","line":1569}

Oct 17 2017 01:42:30
{"type":8192,"message":"Methods with the same name as their class will not be constructors in a future version of PHP; MarkdownExtra_Parser has a deprecated constructor","file":"\/Applications\/MAMP\/htdocs\/wordpress\/wp-content\/plugins\/markdown-for-wordpress-and-bbpress\/markdown.php","line":1569}

Oct 17 2017 01:42:31
{"type":8192,"message":"Methods with the same name as their class will not be constructors in a future version of PHP; MarkdownExtra_Parser has a deprecated constructor","file":"\/Applications\/MAMP\/htdocs\/wordpress\/wp-content\/plugins\/markdown-for-wordpress-and-bbpress\/markdown.php","line":1569}

Oct 17 2017 01:42:31
{"type":8192,"message":"Methods with the same name as their class will not be constructors in a future version of PHP; MarkdownExtra_Parser has a deprecated constructor","file":"\/Applications\/MAMP\/htdocs\/wordpress\/wp-content\/plugins\/markdown-for-wordpress-and-bbpress\/markdown.php","line":1569}

Oct 17 2017 01:42:32
{"type":8192,"message":"Methods with the same name as their class will not be constructors in a future version of PHP; MarkdownExtra_Parser has a deprecated constructor","file":"\/Applications\/MAMP\/htdocs\/wordpress\/wp-content\/plugins\/markdown-for-wordpress-and-bbpress\/markdown.php","line":1569}

Oct 17 2017 01:42:32
{"type":8192,"message":"Methods with the same name as their class will not be constructors in a future version of PHP; MarkdownExtra_Parser has a deprecated constructor","file":"\/Applications\/MAMP\/htdocs\/wordpress\/wp-content\/plugins\/markdown-for-wordpress-and-bbpress\/markdown.php","line":1569}

Oct 17 2017 01:42:33
{"type":8192,"message":"Methods with the same name as their class will not be constructors in a future version of PHP; MarkdownExtra_Parser has a deprecated constructor","file":"\/Applications\/MAMP\/htdocs\/wordpress\/wp-content\/plugins\/markdown-for-wordpress-and-bbpress\/markdown.php","line":1569}

Oct 17 2017 01:42:33
{"type":8192,"message":"Methods with the same name as their class will not be constructors in a future version of PHP; MarkdownExtra_Parser has a deprecated constructor","file":"\/Applications\/MAMP\/htdocs\/wordpress\/wp-content\/plugins\/markdown-for-wordpress-and-bbpress\/markdown.php","line":1569}

Oct 17 2017 01:42:34
{"type":8192,"message":"Methods with the same name as their class will not be constructors in a future version of PHP; MarkdownExtra_Parser has a deprecated constructor","file":"\/Applications\/MAMP\/htdocs\/wordpress\/wp-content\/plugins\/markdown-for-wordpress-and-bbpress\/markdown.php","line":1569}

Oct 17 2017 01:42:34
{"type":8192,"message":"Methods with the same name as their class will not be constructors in a future version of PHP; MarkdownExtra_Parser has a deprecated constructor","file":"\/Applications\/MAMP\/htdocs\/wordpress\/wp-content\/plugins\/markdown-for-wordpress-and-bbpress\/markdown.php","line":1569}

Oct 17 2017 01:42:35
{"type":8192,"message":"Methods with the same name as their class will not be constructors in a future version of PHP; MarkdownExtra_Parser has a deprecated constructor","file":"\/Applications\/MAMP\/htdocs\/wordpress\/wp-content\/plugins\/markdown-for-wordpress-and-bbpress\/markdown.php","line":1569}

Oct 17 2017 01:42:35
{"type":8192,"message":"Methods with the same name as their class will not be constructors in a future version of PHP; MarkdownExtra_Parser has a deprecated constructor","file":"\/Applications\/MAMP\/htdocs\/wordpress\/wp-content\/plugins\/markdown-for-wordpress-and-bbpress\/markdown.php","line":1569}

Oct 17 2017 01:42:35
{"type":8192,"message":"Methods with the same name as their class will not be constructors in a future version of PHP; MarkdownExtra_Parser has a deprecated constructor","file":"\/Applications\/MAMP\/htdocs\/wordpress\/wp-content\/plugins\/markdown-for-wordpress-and-bbpress\/markdown.php","line":1569}

Oct 17 2017 01:42:36
{"type":8192,"message":"Methods with the same name as their class will not be constructors in a future version of PHP; MarkdownExtra_Parser has a deprecated constructor","file":"\/Applications\/MAMP\/htdocs\/wordpress\/wp-content\/plugins\/markdown-for-wordpress-and-bbpress\/markdown.php","line":1569}

Oct 17 2017 01:42:36
{"type":8192,"message":"Methods with the same name as their class will not be constructors in a future version of PHP; MarkdownExtra_Parser has a deprecated constructor","file":"\/Applications\/MAMP\/htdocs\/wordpress\/wp-content\/plugins\/markdown-for-wordpress-and-bbpress\/markdown.php","line":1569}

Oct 17 2017 01:42:37
{"type":8192,"message":"Methods with the same name as their class will not be constructors in a future version of PHP; MarkdownExtra_Parser has a deprecated constructor","file":"\/Applications\/MAMP\/htdocs\/wordpress\/wp-content\/plugins\/markdown-for-wordpress-and-bbpress\/markdown.php","line":1569}

Oct 17 2017 01:42:37
{"type":8192,"message":"Methods with the same name as their class will not be constructors in a future version of PHP; MarkdownExtra_Parser has a deprecated constructor","file":"\/Applications\/MAMP\/htdocs\/wordpress\/wp-content\/plugins\/markdown-for-wordpress-and-bbpress\/markdown.php","line":1569}

Oct 17 2017 01:42:38
{"type":8192,"message":"Methods with the same name as their class will not be constructors in a future version of PHP; MarkdownExtra_Parser has a deprecated constructor","file":"\/Applications\/MAMP\/htdocs\/wordpress\/wp-content\/plugins\/markdown-for-wordpress-and-bbpress\/markdown.php","line":1569}

Oct 17 2017 01:42:38
{"type":8192,"message":"Methods with the same name as their class will not be constructors in a future version of PHP; MarkdownExtra_Parser has a deprecated constructor","file":"\/Applications\/MAMP\/htdocs\/wordpress\/wp-content\/plugins\/markdown-for-wordpress-and-bbpress\/markdown.php","line":1569}

Oct 17 2017 01:42:39
{"type":8192,"message":"Methods with the same name as their class will not be constructors in a future version of PHP; MarkdownExtra_Parser has a deprecated constructor","file":"\/Applications\/MAMP\/htdocs\/wordpress\/wp-content\/plugins\/markdown-for-wordpress-and-bbpress\/markdown.php","line":1569}

Oct 17 2017 01:42:39
{"type":8192,"message":"Methods with the same name as their class will not be constructors in a future version of PHP; MarkdownExtra_Parser has a deprecated constructor","file":"\/Applications\/MAMP\/htdocs\/wordpress\/wp-content\/plugins\/markdown-for-wordpress-and-bbpress\/markdown.php","line":1569}

Oct 17 2017 01:42:40
{"type":8192,"message":"Methods with the same name as their class will not be constructors in a future version of PHP; MarkdownExtra_Parser has a deprecated constructor","file":"\/Applications\/MAMP\/htdocs\/wordpress\/wp-content\/plugins\/markdown-for-wordpress-and-bbpress\/markdown.php","line":1569}

Oct 17 2017 01:42:40
{"type":8192,"message":"Methods with the same name as their class will not be constructors in a future version of PHP; MarkdownExtra_Parser has a deprecated constructor","file":"\/Applications\/MAMP\/htdocs\/wordpress\/wp-content\/plugins\/markdown-for-wordpress-and-bbpress\/markdown.php","line":1569}

Oct 17 2017 01:42:41
{"type":8192,"message":"Methods with the same name as their class will not be constructors in a future version of PHP; MarkdownExtra_Parser has a deprecated constructor","file":"\/Applications\/MAMP\/htdocs\/wordpress\/wp-content\/plugins\/markdown-for-wordpress-and-bbpress\/markdown.php","line":1569}

Oct 17 2017 01:42:41
{"type":8192,"message":"Methods with the same name as their class will not be constructors in a future version of PHP; MarkdownExtra_Parser has a deprecated constructor","file":"\/Applications\/MAMP\/htdocs\/wordpress\/wp-content\/plugins\/markdown-for-wordpress-and-bbpress\/markdown.php","line":1569}

Oct 17 2017 01:42:41
{"type":8192,"message":"Methods with the same name as their class will not be constructors in a future version of PHP; MarkdownExtra_Parser has a deprecated constructor","file":"\/Applications\/MAMP\/htdocs\/wordpress\/wp-content\/plugins\/markdown-for-wordpress-and-bbpress\/markdown.php","line":1569}

Oct 17 2017 01:42:42
{"type":8192,"message":"Methods with the same name as their class will not be constructors in a future version of PHP; MarkdownExtra_Parser has a deprecated constructor","file":"\/Applications\/MAMP\/htdocs\/wordpress\/wp-content\/plugins\/markdown-for-wordpress-and-bbpress\/markdown.php","line":1569}

Oct 17 2017 01:42:42
{"type":8192,"message":"Methods with the same name as their class will not be constructors in a future version of PHP; MarkdownExtra_Parser has a deprecated constructor","file":"\/Applications\/MAMP\/htdocs\/wordpress\/wp-content\/plugins\/markdown-for-wordpress-and-bbpress\/markdown.php","line":1569}

Oct 17 2017 01:42:43
{"type":8192,"message":"Methods with the same name as their class will not be constructors in a future version of PHP; MarkdownExtra_Parser has a deprecated constructor","file":"\/Applications\/MAMP\/htdocs\/wordpress\/wp-content\/plugins\/markdown-for-wordpress-and-bbpress\/markdown.php","line":1569}

Oct 17 2017 01:42:43
{"type":8192,"message":"Methods with the same name as their class will not be constructors in a future version of PHP; MarkdownExtra_Parser has a deprecated constructor","file":"\/Applications\/MAMP\/htdocs\/wordpress\/wp-content\/plugins\/markdown-for-wordpress-and-bbpress\/markdown.php","line":1569}

Oct 17 2017 01:42:44
{"type":8192,"message":"Methods with the same name as their class will not be constructors in a future version of PHP; MarkdownExtra_Parser has a deprecated constructor","file":"\/Applications\/MAMP\/htdocs\/wordpress\/wp-content\/plugins\/markdown-for-wordpress-and-bbpress\/markdown.php","line":1569}

Oct 17 2017 01:42:44
{"type":8192,"message":"Methods with the same name as their class will not be constructors in a future version of PHP; MarkdownExtra_Parser has a deprecated constructor","file":"\/Applications\/MAMP\/htdocs\/wordpress\/wp-content\/plugins\/markdown-for-wordpress-and-bbpress\/markdown.php","line":1569}

Oct 17 2017 01:42:45
{"type":8192,"message":"Methods with the same name as their class will not be constructors in a future version of PHP; MarkdownExtra_Parser has a deprecated constructor","file":"\/Applications\/MAMP\/htdocs\/wordpress\/wp-content\/plugins\/markdown-for-wordpress-and-bbpress\/markdown.php","line":1569}

Oct 17 2017 01:42:45
{"type":8192,"message":"Methods with the same name as their class will not be constructors in a future version of PHP; MarkdownExtra_Parser has a deprecated constructor","file":"\/Applications\/MAMP\/htdocs\/wordpress\/wp-content\/plugins\/markdown-for-wordpress-and-bbpress\/markdown.php","line":1569}

Oct 17 2017 01:42:46
{"type":8192,"message":"Methods with the same name as their class will not be constructors in a future version of PHP; MarkdownExtra_Parser has a deprecated constructor","file":"\/Applications\/MAMP\/htdocs\/wordpress\/wp-content\/plugins\/markdown-for-wordpress-and-bbpress\/markdown.php","line":1569}

Oct 17 2017 01:42:46
{"type":8192,"message":"Methods with the same name as their class will not be constructors in a future version of PHP; MarkdownExtra_Parser has a deprecated constructor","file":"\/Applications\/MAMP\/htdocs\/wordpress\/wp-content\/plugins\/markdown-for-wordpress-and-bbpress\/markdown.php","line":1569}

Oct 17 2017 01:42:47
{"type":8192,"message":"Methods with the same name as their class will not be constructors in a future version of PHP; MarkdownExtra_Parser has a deprecated constructor","file":"\/Applications\/MAMP\/htdocs\/wordpress\/wp-content\/plugins\/markdown-for-wordpress-and-bbpress\/markdown.php","line":1569}

Oct 17 2017 01:42:47
{"type":8192,"message":"Methods with the same name as their class will not be constructors in a future version of PHP; MarkdownExtra_Parser has a deprecated constructor","file":"\/Applications\/MAMP\/htdocs\/wordpress\/wp-content\/plugins\/markdown-for-wordpress-and-bbpress\/markdown.php","line":1569}

Oct 17 2017 01:42:47
{"type":8192,"message":"Methods with the same name as their class will not be constructors in a future version of PHP; MarkdownExtra_Parser has a deprecated constructor","file":"\/Applications\/MAMP\/htdocs\/wordpress\/wp-content\/plugins\/markdown-for-wordpress-and-bbpress\/markdown.php","line":1569}

Oct 17 2017 01:42:48
{"type":8192,"message":"Methods with the same name as their class will not be constructors in a future version of PHP; MarkdownExtra_Parser has a deprecated constructor","file":"\/Applications\/MAMP\/htdocs\/wordpress\/wp-content\/plugins\/markdown-for-wordpress-and-bbpress\/markdown.php","line":1569}

Oct 17 2017 01:42:48
{"type":8192,"message":"Methods with the same name as their class will not be constructors in a future version of PHP; MarkdownExtra_Parser has a deprecated constructor","file":"\/Applications\/MAMP\/htdocs\/wordpress\/wp-content\/plugins\/markdown-for-wordpress-and-bbpress\/markdown.php","line":1569}

Oct 17 2017 01:42:49
{"type":8192,"message":"Methods with the same name as their class will not be constructors in a future version of PHP; MarkdownExtra_Parser has a deprecated constructor","file":"\/Applications\/MAMP\/htdocs\/wordpress\/wp-content\/plugins\/markdown-for-wordpress-and-bbpress\/markdown.php","line":1569}

Oct 17 2017 01:42:49
{"type":8192,"message":"Methods with the same name as their class will not be constructors in a future version of PHP; MarkdownExtra_Parser has a deprecated constructor","file":"\/Applications\/MAMP\/htdocs\/wordpress\/wp-content\/plugins\/markdown-for-wordpress-and-bbpress\/markdown.php","line":1569}

Oct 17 2017 01:42:50
{"type":8192,"message":"Methods with the same name as their class will not be constructors in a future version of PHP; MarkdownExtra_Parser has a deprecated constructor","file":"\/Applications\/MAMP\/htdocs\/wordpress\/wp-content\/plugins\/markdown-for-wordpress-and-bbpress\/markdown.php","line":1569}

Oct 17 2017 01:42:51
{"type":8192,"message":"Methods with the same name as their class will not be constructors in a future version of PHP; MarkdownExtra_Parser has a deprecated constructor","file":"\/Applications\/MAMP\/htdocs\/wordpress\/wp-content\/plugins\/markdown-for-wordpress-and-bbpress\/markdown.php","line":1569}

Oct 17 2017 01:42:51
{"type":8192,"message":"Methods with the same name as their class will not be constructors in a future version of PHP; MarkdownExtra_Parser has a deprecated constructor","file":"\/Applications\/MAMP\/htdocs\/wordpress\/wp-content\/plugins\/markdown-for-wordpress-and-bbpress\/markdown.php","line":1569}

Oct 17 2017 01:43:45
{"type":8192,"message":"Methods with the same name as their class will not be constructors in a future version of PHP; MarkdownExtra_Parser has a deprecated constructor","file":"\/Applications\/MAMP\/htdocs\/wordpress\/wp-content\/plugins\/markdown-for-wordpress-and-bbpress\/markdown.php","line":1569}

Oct 17 2017 01:43:46
{"type":8192,"message":"Methods with the same name as their class will not be constructors in a future version of PHP; MarkdownExtra_Parser has a deprecated constructor","file":"\/Applications\/MAMP\/htdocs\/wordpress\/wp-content\/plugins\/markdown-for-wordpress-and-bbpress\/markdown.php","line":1569}

Oct 17 2017 01:43:52
{"type":8192,"message":"Methods with the same name as their class will not be constructors in a future version of PHP; MarkdownExtra_Parser has a deprecated constructor","file":"\/Applications\/MAMP\/htdocs\/wordpress\/wp-content\/plugins\/markdown-for-wordpress-and-bbpress\/markdown.php","line":1569}

Oct 17 2017 01:43:53
{"type":8192,"message":"Methods with the same name as their class will not be constructors in a future version of PHP; MarkdownExtra_Parser has a deprecated constructor","file":"\/Applications\/MAMP\/htdocs\/wordpress\/wp-content\/plugins\/markdown-for-wordpress-and-bbpress\/markdown.php","line":1569}

Oct 17 2017 01:44:01
{"Number":8,"Message":"Undefined index: HTTPS","File":"\/Applications\/MAMP\/htdocs\/wordpress\/wp-content\/mu-plugins\/wpengine-common\/plugin.php","Line":1013}

Oct 17 2017 01:44:01
{"Number":2,"Message":"Invalid argument supplied for foreach()","File":"\/Applications\/MAMP\/htdocs\/wordpress\/wp-content\/mu-plugins\/wpengine-common\/plugin.php","Line":1040}

Oct 17 2017 01:44:01
{"type":8,"message":"Use of undefined constant PWP_NAME - assumed 'PWP_NAME'","file":"\/Applications\/MAMP\/htdocs\/wordpress\/wp-content\/mu-plugins\/wpengine-common\/class.deployment.php","line":17}

Oct 17 2017 01:44:02
{"Number":8,"Message":"Undefined index: HTTPS","File":"\/Applications\/MAMP\/htdocs\/wordpress\/wp-content\/mu-plugins\/wpengine-common\/plugin.php","Line":1013}

Oct 17 2017 01:44:02
{"Number":2,"Message":"Invalid argument supplied for foreach()","File":"\/Applications\/MAMP\/htdocs\/wordpress\/wp-content\/mu-plugins\/wpengine-common\/plugin.php","Line":1040}

Oct 17 2017 01:44:02
{"type":8,"message":"Use of undefined constant PWP_NAME - assumed 'PWP_NAME'","file":"\/Applications\/MAMP\/htdocs\/wordpress\/wp-content\/mu-plugins\/wpengine-common\/class.deployment.php","line":17}

Oct 17 2017 01:44:02
{"type":8,"message":"Use of undefined constant PWP_NAME - assumed 'PWP_NAME'","file":"\/Applications\/MAMP\/htdocs\/wordpress\/wp-content\/mu-plugins\/wpengine-common\/class.deployment.php","line":17}

